<?xml version="1.0" encoding="UTF-8"?>
<testsuite xmlns:xsi="http://www.w3.org/2001/XMLSchema-instance" xsi:noNamespaceSchemaLocation="https://maven.apache.org/surefire/maven-surefire-plugin/xsd/surefire-test-report.xsd" name="com.lizi.Test.SpringBootConfigApplicationTests" time="0.01" tests="2" errors="1" skipped="0" failures="1">
  <properties>
[...]
</properties>
  <testcase name="initializationError" classname="com.lizi.Test.SpringBootConfigApplicationTests" time="0.003">
    <error message="Method test() should not be static" type="java.lang.Exception">java.lang.Exception: Method test() should not be static
</error>
  </testcase>
  <testcase name="initializationError" classname="com.lizi.Test.SpringBootConfigApplicationTests" time="0.001">
    <failure message="Multiple Failures (2 failures)&#10;	java.lang.Exception: Method test() should not be static&#10;	java.lang.Exception: Method test should have no parameters" type="org.opentest4j.MultipleFailuresError">org.opentest4j.MultipleFailuresError: 
Multiple Failures (2 failures)
	java.lang.Exception: Method test() should not be static
	java.lang.Exception: Method test should have no parameters
</failure>
  </testcase>
</testsuite>